Scanned program:

INT
ID: a
SEMI
INT
ID: b
SEMI
INT
ID: gcd
LPAREN
INT
ID: a
COMMA
INT
ID: b
RPAREN
LBRACE
WHILE
LPAREN
ID: a
NEQ
ID: b
RPAREN
LBRACE
IF
LPAREN
ID: b
LT
ID: a
RPAREN
ID: a
ASSIGN
ID: a
MINUS
ID: b
SEMI
ELSE
ID: b
ASSIGN
ID: b
MINUS
ID: a
SEMI
RBRACE
RETURN
ID: a
SEMI
RBRACE
INT
ID: main
LPAREN
RPAREN
LBRACE
INT
ID: x
SEMI
INT
ID: y
SEMI
ID: a
ASSIGN
LITERAL: 18
SEMI
ID: b
ASSIGN
LITERAL: 9
SEMI
ID: x
ASSIGN
LITERAL: 2
SEMI
ID: y
ASSIGN
LITERAL: 14
SEMI
ID: print
LPAREN
ID: gcd
LPAREN
ID: x
COMMA
ID: y
RPAREN
RPAREN
SEMI
ID: print
LPAREN
ID: gcd
LPAREN
LITERAL: 3
COMMA
LITERAL: 15
RPAREN
RPAREN
SEMI
ID: print
LPAREN
ID: gcd
LPAREN
LITERAL: 99
COMMA
LITERAL: 121
RPAREN
RPAREN
SEMI
ID: print
LPAREN
ID: gcd
LPAREN
ID: a
COMMA
ID: b
RPAREN
RPAREN
SEMI
RETURN
LITERAL: 0
SEMI
RBRACE
